# JRE version: OpenJDK Runtime Environment (21.0.9) (build 21.0.9+-14787801-b1163.94)
# Java VM: OpenJDK 64-Bit Server VM (21.0.9+-14787801-b1163.94, mixed mode, tiered, compressed oops, compressed class ptrs, g1 gc, windows-amd64)
GC Precious Log:
 CardTable entry size: 512
 Card Set container configuration: InlinePtr #cards 5 size 8 Array Of Cards #cards 12 size 40 Howl #buckets 4 coarsen threshold 1843 Howl Bitmap #cards 512 size 80 coarsen threshold 460 Card regions per heap region 1 cards per card region 2048
 CPUs: 12 total, 12 available
 Memory: 7971M
 Large Page Support: Disabled
 NUMA Support: Disabled
 Compressed Oops: Enabled (32-bit)
 Heap Region Size: 1M
 Heap Min Capacity: 8M
 Heap Initial Capacity: 126M
 Heap Max Capacity: 2G
 Pre-touch: Disabled
 Parallel Workers: 10
 Concurrent Workers: 3
 Concurrent Refinement Workers: 10
 Periodic GC: Disabled
Heap:
 garbage-first heap   total 327680K, used 196528K [0x0000000080000000, 0x0000000100000000)
  region size 1024K, 2 young (2048K), 2 survivors (2048K)
 Metaspace       used 127286K, committed 129664K, reserved 1179648K
  class space    used 18190K, committed 19328K, reserved 1048576K
GC Heap History (20 events):
Event: 28.935 GC heap after
{Heap after GC invocations=53 (full 0):
 garbage-first heap   total 258048K, used 108560K [0x0000000080000000, 0x0000000100000000)
  region size 1024K, 7 young (7168K), 7 survivors (7168K)
 Metaspace       used 110624K, committed 112960K, reserved 1179648K
  class space    used 15724K, committed 16832K, reserved 1048576K
}
Event: 29.290 GC heap before
{Heap before GC invocations=53 (full 0):
 garbage-first heap   total 258048K, used 241680K [0x0000000080000000, 0x0000000100000000)
  region size 1024K, 138 young (141312K), 7 survivors (7168K)
 Metaspace       used 110625K, committed 112960K, reserved 1179648K
  class space    used 15724K, committed 16832K, reserved 1048576K
}
Event: 29.296 GC heap after
{Heap after GC invocations=54 (full 0):
 garbage-first heap   total 258048K, used 109644K [0x0000000080000000, 0x0000000100000000)
  region size 1024K, 8 young (8192K), 8 survivors (8192K)
 Metaspace       used 110625K, committed 112960K, reserved 1179648K
  class space    used 15724K, committed 16832K, reserved 1048576K
}
Event: 33.583 GC heap before
{Heap before GC invocations=54 (full 0):
 garbage-first heap   total 258048K, used 241740K [0x0000000080000000, 0x0000000100000000)
  region size 1024K, 138 young (141312K), 8 survivors (8192K)
 Metaspace       used 110650K, committed 112960K, reserved 1179648K
  class space    used 15726K, committed 16832K, reserved 1048576K
}
Event: 33.591 GC heap after
{Heap after GC invocations=55 (full 0):
 garbage-first heap   total 258048K, used 110722K [0x0000000080000000, 0x0000000100000000)
  region size 1024K, 9 young (9216K), 9 survivors (9216K)
 Metaspace       used 110650K, committed 112960K, reserved 1179648K
  class space    used 15726K, committed 16832K, reserved 1048576K
}
Event: 34.663 GC heap before
{Heap before GC invocations=56 (full 0):
 garbage-first heap   total 258048K, used 241794K [0x0000000080000000, 0x0000000100000000)
  region size 1024K, 138 young (141312K), 9 survivors (9216K)
 Metaspace       used 110683K, committed 113024K, reserved 1179648K
  class space    used 15734K, committed 16832K, reserved 1048576K
}
Event: 34.669 GC heap after
{Heap after GC invocations=57 (full 0):
 garbage-first heap   total 258048K, used 110957K [0x0000000080000000, 0x0000000100000000)
  region size 1024K, 9 young (9216K), 9 survivors (9216K)
 Metaspace       used 110683K, committed 113024K, reserved 1179648K
  class space    used 15734K, committed 16832K, reserved 1048576K
}
Event: 37.279 GC heap before
{Heap before GC invocations=57 (full 0):
 garbage-first heap   total 258048K, used 244077K [0x0000000080000000, 0x0000000100000000)
  region size 1024K, 138 young (141312K), 9 survivors (9216K)
 Metaspace       used 115410K, committed 117760K, reserved 1179648K
  class space    used 16413K, committed 17536K, reserved 1048576K
}
Event: 37.302 GC heap after
{Heap after GC invocations=58 (full 0):
 garbage-first heap   total 279552K, used 135832K [0x0000000080000000, 0x0000000100000000)
  region size 1024K, 18 young (18432K), 18 survivors (18432K)
 Metaspace       used 115410K, committed 117760K, reserved 1179648K
  class space    used 16413K, committed 17536K, reserved 1048576K
}
Event: 37.939 GC heap before
{Heap before GC invocations=58 (full 0):
 garbage-first heap   total 279552K, used 248472K [0x0000000080000000, 0x0000000100000000)
  region size 1024K, 129 young (132096K), 18 survivors (18432K)
 Metaspace       used 118071K, committed 120384K, reserved 1179648K
  class space    used 16834K, committed 17920K, reserved 1048576K
}
Event: 37.968 GC heap after
{Heap after GC invocations=59 (full 0):
 garbage-first heap   total 286720K, used 154135K [0x0000000080000000, 0x0000000100000000)
  region size 1024K, 17 young (17408K), 17 survivors (17408K)
 Metaspace       used 118071K, committed 120384K, reserved 1179648K
  class space    used 16834K, committed 17920K, reserved 1048576K
}
Event: 39.449 GC heap before
{Heap before GC invocations=60 (full 0):
 garbage-first heap   total 286720K, used 253463K [0x0000000080000000, 0x0000000100000000)
  region size 1024K, 114 young (116736K), 17 survivors (17408K)
 Metaspace       used 120724K, committed 123072K, reserved 1179648K
  class space    used 17244K, committed 18368K, reserved 1048576K
}
Event: 39.471 GC heap after
{Heap after GC invocations=61 (full 0):
 garbage-first heap   total 288768K, used 171615K [0x0000000080000000, 0x0000000100000000)
  region size 1024K, 15 young (15360K), 15 survivors (15360K)
 Metaspace       used 120724K, committed 123072K, reserved 1179648K
  class space    used 17244K, committed 18368K, reserved 1048576K
}
Event: 39.633 GC heap before
{Heap before GC invocations=61 (full 0):
 garbage-first heap   total 288768K, used 257631K [0x0000000080000000, 0x0000000100000000)
  region size 1024K, 100 young (102400K), 15 survivors (15360K)
 Metaspace       used 121027K, committed 123328K, reserved 1179648K
  class space    used 17302K, committed 18432K, reserved 1048576K
}
Event: 39.653 GC heap after
{Heap after GC invocations=62 (full 0):
 garbage-first heap   total 288768K, used 183296K [0x0000000080000000, 0x0000000100000000)
  region size 1024K, 13 young (13312K), 13 survivors (13312K)
 Metaspace       used 121027K, committed 123328K, reserved 1179648K
  class space    used 17302K, committed 18432K, reserved 1048576K
}
Event: 40.803 GC heap before
{Heap before GC invocations=62 (full 0):
 garbage-first heap   total 288768K, used 260096K [0x0000000080000000, 0x0000000100000000)
  region size 1024K, 88 young (90112K), 13 survivors (13312K)
 Metaspace       used 124155K, committed 126400K, reserved 1179648K
  class space    used 17846K, committed 18944K, reserved 1048576K
}
Event: 40.825 GC heap after
{Heap after GC invocations=63 (full 0):
 garbage-first heap   total 288768K, used 196514K [0x0000000080000000, 0x0000000100000000)
  region size 1024K, 11 young (11264K), 11 survivors (11264K)
 Metaspace       used 124155K, committed 126400K, reserved 1179648K
  class space    used 17846K, committed 18944K, reserved 1048576K
}
Event: 45.398 GC heap before
{Heap before GC invocations=64 (full 0):
 garbage-first heap   total 327680K, used 264098K [0x0000000080000000, 0x0000000100000000)
  region size 1024K, 77 young (78848K), 11 survivors (11264K)
 Metaspace       used 126575K, committed 128896K, reserved 1179648K
  class space    used 18138K, committed 19264K, reserved 1048576K
}
Event: 45.407 GC heap after
{Heap after GC invocations=65 (full 0):
 garbage-first heap   total 327680K, used 198928K [0x0000000080000000, 0x0000000100000000)
  region size 1024K, 2 young (2048K), 2 survivors (2048K)
 Metaspace       used 126575K, committed 128896K, reserved 1179648K
  class space    used 18138K, committed 19264K, reserved 1048576K
}
Event: 46.000 GC heap before
{Heap before GC invocations=65 (full 0):
 garbage-first heap   total 327680K, used 297232K [0x0000000080000000, 0x0000000100000000)
  region size 1024K, 98 young (100352K), 2 survivors (2048K)
 Metaspace       used 127286K, committed 129664K, reserved 1179648K
  class space    used 18190K, committed 19328K, reserved 1048576K
}

