# JRE version: OpenJDK Runtime Environment (21.0.9) (build 21.0.9+-14787801-b1163.94)
# Java VM: OpenJDK 64-Bit Server VM (21.0.9+-14787801-b1163.94, mixed mode, tiered, compressed oops, compressed class ptrs, g1 gc, windows-amd64)
GC Precious Log:
 CardTable entry size: 512
 Card Set container configuration: InlinePtr #cards 5 size 8 Array Of Cards #cards 12 size 40 Howl #buckets 4 coarsen threshold 1843 Howl Bitmap #cards 512 size 80 coarsen threshold 460 Card regions per heap region 1 cards per card region 2048
 CPUs: 12 total, 12 available
 Memory: 7971M
 Large Page Support: Disabled
 NUMA Support: Disabled
 Compressed Oops: Enabled (32-bit)
 Heap Region Size: 1M
 Heap Min Capacity: 8M
 Heap Initial Capacity: 126M
 Heap Max Capacity: 2G
 Pre-touch: Disabled
 Parallel Workers: 10
 Concurrent Workers: 3
 Concurrent Refinement Workers: 10
 Periodic GC: Disabled
Heap:
 garbage-first heap   total 79872K, used 59234K [0x0000000080000000, 0x0000000100000000)
  region size 1024K, 28 young (28672K), 3 survivors (3072K)
 Metaspace       used 38642K, committed 39616K, reserved 1114112K
  class space    used 5227K, committed 5696K, reserved 1048576K
GC Heap History (16 events):
Event: 2.030 GC heap before
{Heap before GC invocations=0 (full 0):
 garbage-first heap   total 129024K, used 23552K [0x0000000080000000, 0x0000000100000000)
  region size 1024K, 23 young (23552K), 0 survivors (0K)
 Metaspace       used 7878K, committed 8000K, reserved 1114112K
  class space    used 734K, committed 768K, reserved 1048576K
}
Event: 2.033 GC heap after
{Heap after GC invocations=1 (full 0):
 garbage-first heap   total 129024K, used 1343K [0x0000000080000000, 0x0000000100000000)
  region size 1024K, 2 young (2048K), 2 survivors (2048K)
 Metaspace       used 7878K, committed 8000K, reserved 1114112K
  class space    used 734K, committed 768K, reserved 1048576K
}
Event: 3.017 GC heap before
{Heap before GC invocations=1 (full 0):
 garbage-first heap   total 129024K, used 42303K [0x0000000080000000, 0x0000000100000000)
  region size 1024K, 39 young (39936K), 2 survivors (2048K)
 Metaspace       used 11856K, committed 11968K, reserved 1114112K
  class space    used 1277K, committed 1344K, reserved 1048576K
}
Event: 3.021 GC heap after
{Heap after GC invocations=2 (full 0):
 garbage-first heap   total 129024K, used 11312K [0x0000000080000000, 0x0000000100000000)
  region size 1024K, 5 young (5120K), 5 survivors (5120K)
 Metaspace       used 11856K, committed 11968K, reserved 1114112K
  class space    used 1277K, committed 1344K, reserved 1048576K
}
Event: 4.127 GC heap before
{Heap before GC invocations=2 (full 0):
 garbage-first heap   total 129024K, used 82992K [0x0000000080000000, 0x0000000100000000)
  region size 1024K, 75 young (76800K), 5 survivors (5120K)
 Metaspace       used 12805K, committed 12992K, reserved 1114112K
  class space    used 1398K, committed 1472K, reserved 1048576K
}
Event: 4.132 GC heap after
{Heap after GC invocations=3 (full 0):
 garbage-first heap   total 129024K, used 12817K [0x0000000080000000, 0x0000000100000000)
  region size 1024K, 7 young (7168K), 7 survivors (7168K)
 Metaspace       used 12805K, committed 12992K, reserved 1114112K
  class space    used 1398K, committed 1472K, reserved 1048576K
}
Event: 5.819 GC heap before
{Heap before GC invocations=3 (full 0):
 garbage-first heap   total 129024K, used 84497K [0x0000000080000000, 0x0000000100000000)
  region size 1024K, 75 young (76800K), 7 survivors (7168K)
 Metaspace       used 19821K, committed 20096K, reserved 1114112K
  class space    used 2287K, committed 2432K, reserved 1048576K
}
Event: 5.826 GC heap after
{Heap after GC invocations=4 (full 0):
 garbage-first heap   total 129024K, used 20763K [0x0000000080000000, 0x0000000100000000)
  region size 1024K, 8 young (8192K), 8 survivors (8192K)
 Metaspace       used 19821K, committed 20096K, reserved 1114112K
  class space    used 2287K, committed 2432K, reserved 1048576K
}
Event: 6.017 GC heap before
{Heap before GC invocations=4 (full 0):
 garbage-first heap   total 129024K, used 25883K [0x0000000080000000, 0x0000000100000000)
  region size 1024K, 14 young (14336K), 8 survivors (8192K)
 Metaspace       used 21237K, committed 21504K, reserved 1114112K
  class space    used 2487K, committed 2624K, reserved 1048576K
}
Event: 6.021 GC heap after
{Heap after GC invocations=5 (full 0):
 garbage-first heap   total 129024K, used 21600K [0x0000000080000000, 0x0000000100000000)
  region size 1024K, 2 young (2048K), 2 survivors (2048K)
 Metaspace       used 21237K, committed 21504K, reserved 1114112K
  class space    used 2487K, committed 2624K, reserved 1048576K
}
Event: 10.246 GC heap before
{Heap before GC invocations=6 (full 0):
 garbage-first heap   total 75776K, used 73824K [0x0000000080000000, 0x0000000100000000)
  region size 1024K, 52 young (53248K), 2 survivors (2048K)
 Metaspace       used 30158K, committed 30656K, reserved 1114112K
  class space    used 3742K, committed 3968K, reserved 1048576K
}
Event: 10.250 GC heap after
{Heap after GC invocations=7 (full 0):
 garbage-first heap   total 79872K, used 23762K [0x0000000080000000, 0x0000000100000000)
  region size 1024K, 4 young (4096K), 4 survivors (4096K)
 Metaspace       used 30158K, committed 30656K, reserved 1114112K
  class space    used 3742K, committed 3968K, reserved 1048576K
}
Event: 12.254 GC heap before
{Heap before GC invocations=7 (full 0):
 garbage-first heap   total 79872K, used 61650K [0x0000000080000000, 0x0000000100000000)
  region size 1024K, 42 young (43008K), 4 survivors (4096K)
 Metaspace       used 35378K, committed 36096K, reserved 1114112K
  class space    used 4626K, committed 4992K, reserved 1048576K
}
Event: 12.258 GC heap after
{Heap after GC invocations=8 (full 0):
 garbage-first heap   total 79872K, used 25884K [0x0000000080000000, 0x0000000100000000)
  region size 1024K, 5 young (5120K), 5 survivors (5120K)
 Metaspace       used 35378K, committed 36096K, reserved 1114112K
  class space    used 4626K, committed 4992K, reserved 1048576K
}
Event: 12.368 GC heap before
{Heap before GC invocations=8 (full 0):
 garbage-first heap   total 79872K, used 27932K [0x0000000080000000, 0x0000000100000000)
  region size 1024K, 8 young (8192K), 5 survivors (5120K)
 Metaspace       used 35697K, committed 36416K, reserved 1114112K
  class space    used 4670K, committed 5056K, reserved 1048576K
}
Event: 12.372 GC heap after
{Heap after GC invocations=9 (full 0):
 garbage-first heap   total 79872K, used 26466K [0x0000000080000000, 0x0000000100000000)
  region size 1024K, 3 young (3072K), 3 survivors (3072K)
 Metaspace       used 35697K, committed 36416K, reserved 1114112K
  class space    used 4670K, committed 5056K, reserved 1048576K
}

